{"code":"EPIPE","level":"error","message":"Erro ocorreu para manassesbinga@gmail.com: This socket has been ended by the other party","source":"socket","stack":"Error: This socket has been ended by the other party\n    at genericNodeError (node:internal/errors:983:15)\n    at wrappedFn (node:internal/errors:537:14)\n    at Socket.writeAfterFIN [as write] (node:net:566:14)\n    at JSStreamSocket.doWrite (node:internal/js_stream_socket:199:19)\n    at JSStream.onwrite (node:internal/js_stream_socket:35:57)\n    at Socket._final (node:net:537:28)\n    at prefinish (node:internal/streams/writable:916:14)\n    at finishMaybe (node:internal/streams/writable:930:5)\n    at Writable.end (node:internal/streams/writable:845:5)\n    at Socket.end (node:net:728:31)","timestamp":"2024-11-15T20:10:28.510Z"}
{"code":"EPIPE","level":"error","message":"Error receiving mail: This socket has been ended by the other party","source":"socket","stack":"Error: This socket has been ended by the other party\n    at genericNodeError (node:internal/errors:983:15)\n    at wrappedFn (node:internal/errors:537:14)\n    at Socket.writeAfterFIN [as write] (node:net:566:14)\n    at JSStreamSocket.doWrite (node:internal/js_stream_socket:199:19)\n    at JSStream.onwrite (node:internal/js_stream_socket:35:57)\n    at Socket._final (node:net:537:28)\n    at prefinish (node:internal/streams/writable:916:14)\n    at finishMaybe (node:internal/streams/writable:930:5)\n    at Writable.end (node:internal/streams/writable:845:5)\n    at Socket.end (node:net:728:31)","timestamp":"2024-11-15T20:10:28.513Z"}
{"code":"EPIPE","level":"error","message":"Erro ocorreu para manassesbinga@gmail.com: This socket has been ended by the other party","source":"socket","stack":"Error: This socket has been ended by the other party\n    at genericNodeError (node:internal/errors:983:15)\n    at wrappedFn (node:internal/errors:537:14)\n    at Socket.writeAfterFIN [as write] (node:net:566:14)\n    at JSStreamSocket.doWrite (node:internal/js_stream_socket:199:19)\n    at JSStream.onwrite (node:internal/js_stream_socket:35:57)\n    at Socket._final (node:net:537:28)\n    at prefinish (node:internal/streams/writable:916:14)\n    at finishMaybe (node:internal/streams/writable:930:5)\n    at Writable.end (node:internal/streams/writable:845:5)\n    at Socket.end (node:net:728:31)","timestamp":"2024-11-15T22:05:39.903Z"}
{"code":"EPIPE","level":"error","message":"Error receiving mail: This socket has been ended by the other party","source":"socket","stack":"Error: This socket has been ended by the other party\n    at genericNodeError (node:internal/errors:983:15)\n    at wrappedFn (node:internal/errors:537:14)\n    at Socket.writeAfterFIN [as write] (node:net:566:14)\n    at JSStreamSocket.doWrite (node:internal/js_stream_socket:199:19)\n    at JSStream.onwrite (node:internal/js_stream_socket:35:57)\n    at Socket._final (node:net:537:28)\n    at prefinish (node:internal/streams/writable:916:14)\n    at finishMaybe (node:internal/streams/writable:930:5)\n    at Writable.end (node:internal/streams/writable:845:5)\n    at Socket.end (node:net:728:31)","timestamp":"2024-11-15T22:05:39.907Z"}
{"code":"ENOTFOUND","errno":-3008,"hostname":"aws-0-eu-central-1.pooler.supabase.com","level":"error","message":"Error fetching companies: getaddrinfo ENOTFOUND aws-0-eu-central-1.pooler.supabase.com","stack":"Error: getaddrinfo ENOTFOUND aws-0-eu-central-1.pooler.supabase.com\n    at GetAddrInfoReqWrap.onlookupall [as oncomplete] (node:dns:120:26)","syscall":"getaddrinfo","timestamp":"2024-11-15T22:12:50.322Z"}
{"code":"ECONNRESET","errno":-4077,"level":"error","message":"Erro ocorreu para manassesbinga@gmail.com: read ECONNRESET","source":"socket","stack":"Error: read ECONNRESET\n    at TCP.onStreamRead (node:internal/stream_base_commons:216:20)","syscall":"read","timestamp":"2024-11-16T00:34:52.432Z"}
{"code":"ECONNRESET","errno":-4077,"level":"error","message":"Error receiving mail: read ECONNRESET","source":"socket","stack":"Error: read ECONNRESET\n    at TCP.onStreamRead (node:internal/stream_base_commons:216:20)","syscall":"read","timestamp":"2024-11-16T00:34:52.438Z"}
{"code":"EPIPE","errno":-4047,"level":"error","message":"Erro ocorreu para manassesbinga@gmail.com: write EPIPE","source":"socket","stack":"Error: write EPIPE\n    at WriteWrap.onWriteComplete [as oncomplete] (node:internal/stream_base_commons:87:19)\n    at JSStreamSocket.finishWrite (node:internal/js_stream_socket:234:12)\n    at Immediate._onImmediate (node:internal/js_stream_socket:219:14)\n    at process.processImmediate (node:internal/timers:491:21)","syscall":"write","timestamp":"2024-11-16T00:34:52.444Z"}
{"code":"ENOTFOUND","errno":-3008,"hostname":"aws-0-eu-central-1.pooler.supabase.com","level":"error","message":"Error fetching companies: getaddrinfo ENOTFOUND aws-0-eu-central-1.pooler.supabase.com","stack":"Error: getaddrinfo ENOTFOUND aws-0-eu-central-1.pooler.supabase.com\n    at GetAddrInfoReqWrap.onlookupall [as oncomplete] (node:dns:120:26)","syscall":"getaddrinfo","timestamp":"2024-11-16T09:06:04.477Z"}
{"code":"ECONNRESET","errno":-4077,"level":"error","message":"Erro ocorreu para manassesbinga@gmail.com: read ECONNRESET","source":"socket","stack":"Error: read ECONNRESET\n    at TCP.onStreamRead (node:internal/stream_base_commons:216:20)","syscall":"read","timestamp":"2024-11-16T12:30:30.348Z"}
{"code":"ECONNRESET","errno":-4077,"level":"error","message":"Error receiving mail: read ECONNRESET","source":"socket","stack":"Error: read ECONNRESET\n    at TCP.onStreamRead (node:internal/stream_base_commons:216:20)","syscall":"read","timestamp":"2024-11-16T12:30:30.358Z"}
{"code":"EPIPE","errno":-4047,"level":"error","message":"Erro ocorreu para manassesbinga@gmail.com: write EPIPE","source":"socket","stack":"Error: write EPIPE\n    at WriteWrap.onWriteComplete [as oncomplete] (node:internal/stream_base_commons:87:19)\n    at JSStreamSocket.finishWrite (node:internal/js_stream_socket:234:12)\n    at Immediate._onImmediate (node:internal/js_stream_socket:219:14)\n    at process.processImmediate (node:internal/timers:491:21)","syscall":"write","timestamp":"2024-11-16T12:30:30.373Z"}
{"code":"ECONNRESET","errno":-4077,"level":"error","message":"Erro ocorreu para manassesbinga@gmail.com: read ECONNRESET","source":"socket","stack":"Error: read ECONNRESET\n    at TCP.onStreamRead (node:internal/stream_base_commons:216:20)","syscall":"read","timestamp":"2024-11-16T17:11:42.230Z"}
{"code":"ECONNRESET","errno":-4077,"level":"error","message":"Error receiving mail: read ECONNRESET","source":"socket","stack":"Error: read ECONNRESET\n    at TCP.onStreamRead (node:internal/stream_base_commons:216:20)","syscall":"read","timestamp":"2024-11-16T17:11:42.249Z"}
{"code":"EPIPE","errno":-4047,"level":"error","message":"Erro ocorreu para manassesbinga@gmail.com: write EPIPE","source":"socket","stack":"Error: write EPIPE\n    at WriteWrap.onWriteComplete [as oncomplete] (node:internal/stream_base_commons:87:19)\n    at JSStreamSocket.finishWrite (node:internal/js_stream_socket:234:12)\n    at Immediate._onImmediate (node:internal/js_stream_socket:219:14)\n    at process.processImmediate (node:internal/timers:491:21)","syscall":"write","timestamp":"2024-11-16T17:11:42.269Z"}
{"level":"error","message":"Failed to update API key for manassesbinga@gmail.com: xauth is not defined","stack":"ReferenceError: xauth is not defined\n    at Object.updateExternalApiKey (C:\\Users\\DELL\\Videos\\neo\\packages\\auth\\providers\\authenticate.ts:816:16)\n    at fetchData (C:\\Users\\DELL\\Videos\\neo\\apps\\engine\\index.ts:25:23)\n    at process.processTicksAndRejections (node:internal/process/task_queues:105:5)","timestamp":"2024-11-16T18:35:33.859Z"}
{"code":"ECONNRESET","errno":-4077,"level":"error","message":"Erro ocorreu para manassesbinga@gmail.com: read ECONNRESET","source":"socket","stack":"Error: read ECONNRESET\n    at TCP.onStreamRead (node:internal/stream_base_commons:216:20)","syscall":"read","timestamp":"2024-11-16T21:56:29.428Z"}
{"code":"ECONNRESET","errno":-4077,"level":"error","message":"Error receiving mail: read ECONNRESET","source":"socket","stack":"Error: read ECONNRESET\n    at TCP.onStreamRead (node:internal/stream_base_commons:216:20)","syscall":"read","timestamp":"2024-11-16T21:56:37.646Z"}
{"level":"error","message":"Erro ao inicializar a sessão:","timestamp":"2024-11-18T19:27:18.290Z"}
{"level":"error","message":"Erro ocorreu para manassesbinga@gmail.com: Timed out while authenticating with server","source":"timeout-auth","stack":"Error: Timed out while authenticating with server\n    at Timeout._onTimeout (C:\\Users\\DELL\\Videos\\neo\\node_modules\\.pnpm\\imap@0.8.19\\node_modules\\imap\\lib\\Connection.js:139:17)\n    at listOnTimeout (node:internal/timers:594:17)\n    at process.processTimers (node:internal/timers:529:7)","timestamp":"2024-11-18T19:32:52.264Z"}
{"level":"error","message":"Error receiving mail:","timestamp":"2024-11-18T19:32:57.329Z"}
{"level":"error","message":"Erro ao inicializar uma ou mais sessões:","timestamp":"2024-11-19T20:56:00.113Z"}
{"code":"ECONNRESET","errno":-4077,"level":"error","message":"Erro ocorreu para manassesbinga@gmail.com: read ECONNRESET","source":"socket","stack":"Error: read ECONNRESET\n    at TCP.onStreamRead (node:internal/stream_base_commons:218:20)","syscall":"read","timestamp":"2024-11-26T12:38:26.109Z"}
{"level":"error","message":"Error receiving mail:","timestamp":"2024-11-26T12:38:29.004Z"}
{"code":"EAI_FAIL","errno":-3004,"hostname":"manassesbinga@gmail.com","level":"error","message":"Erro ocorreu para manassesbinga@gmail.com: getaddrinfo EAI_FAIL manassesbinga@gmail.com","source":"socket","stack":"Error: getaddrinfo EAI_FAIL manassesbinga@gmail.com\n    at GetAddrInfoReqWrap.onlookupall [as oncomplete] (node:dns:120:26)","syscall":"getaddrinfo","timestamp":"2024-12-05T15:55:29.724Z"}
{"level":"error","message":"Erro ao receber e-mail:","timestamp":"2024-12-05T15:55:31.442Z"}
{"code":"EAI_FAIL","errno":-3004,"hostname":"manassesbinga@gmail.com","level":"error","message":"Erro ocorreu para manassesbinga@gmail.com: getaddrinfo EAI_FAIL manassesbinga@gmail.com","source":"socket","stack":"Error: getaddrinfo EAI_FAIL manassesbinga@gmail.com\n    at GetAddrInfoReqWrap.onlookupall [as oncomplete] (node:dns:120:26)","syscall":"getaddrinfo","timestamp":"2024-12-05T20:36:53.832Z"}
{"level":"error","message":"Erro ao receber e-mail:","timestamp":"2024-12-05T20:36:55.474Z"}
{"code":"EAI_FAIL","errno":-3004,"hostname":"manassesbinga@gmail.com","level":"error","message":"Erro ocorreu para manassesbinga@gmail.com: getaddrinfo EAI_FAIL manassesbinga@gmail.com","source":"socket","stack":"Error: getaddrinfo EAI_FAIL manassesbinga@gmail.com\n    at GetAddrInfoReqWrap.onlookupall [as oncomplete] (node:dns:120:26)","syscall":"getaddrinfo","timestamp":"2024-12-05T20:44:49.118Z"}
{"level":"error","message":"Erro ao receber e-mail:","timestamp":"2024-12-05T20:44:50.498Z"}
{"code":"EAI_FAIL","errno":-3004,"hostname":"manassesbinga@gmail.com","level":"error","message":"Erro ocorreu para manassesbinga@gmail.com: getaddrinfo EAI_FAIL manassesbinga@gmail.com","source":"socket","stack":"Error: getaddrinfo EAI_FAIL manassesbinga@gmail.com\n    at GetAddrInfoReqWrap.onlookupall [as oncomplete] (node:dns:120:26)","syscall":"getaddrinfo","timestamp":"2024-12-05T21:08:13.322Z"}
{"level":"error","message":"Erro ao receber e-mail:","timestamp":"2024-12-05T21:08:15.133Z"}
{"code":"EAI_FAIL","errno":-3004,"hostname":"manassesbinga@gmail.com","level":"error","message":"Erro ocorreu para manassesbinga@gmail.com: getaddrinfo EAI_FAIL manassesbinga@gmail.com","source":"socket","stack":"Error: getaddrinfo EAI_FAIL manassesbinga@gmail.com\n    at GetAddrInfoReqWrap.onlookupall [as oncomplete] (node:dns:120:26)","syscall":"getaddrinfo","timestamp":"2024-12-05T21:21:10.744Z"}
{"level":"error","message":"Erro ao receber e-mail:","timestamp":"2024-12-05T21:21:12.357Z"}
{"code":"EAI_FAIL","errno":-3004,"hostname":"manassesbinga@gmail.com","level":"error","message":"Erro ocorreu para manassesbinga@gmail.com: getaddrinfo EAI_FAIL manassesbinga@gmail.com","source":"socket","stack":"Error: getaddrinfo EAI_FAIL manassesbinga@gmail.com\n    at GetAddrInfoReqWrap.onlookupall [as oncomplete] (node:dns:120:26)","syscall":"getaddrinfo","timestamp":"2024-12-06T00:03:19.556Z"}
{"level":"error","message":"Erro ao receber e-mail:","timestamp":"2024-12-06T00:03:20.992Z"}
{"code":"EAI_FAIL","errno":-3004,"hostname":"manassesbinga@gmail.com","level":"error","message":"Erro ocorreu para manassesbinga@gmail.com: getaddrinfo EAI_FAIL manassesbinga@gmail.com","source":"socket","stack":"Error: getaddrinfo EAI_FAIL manassesbinga@gmail.com\n    at GetAddrInfoReqWrap.onlookupall [as oncomplete] (node:dns:120:26)","syscall":"getaddrinfo","timestamp":"2024-12-06T00:04:11.145Z"}
{"level":"error","message":"Erro ao receber e-mail:","timestamp":"2024-12-06T00:04:12.511Z"}
{"code":"EAI_FAIL","errno":-3004,"hostname":"manassesbinga@gmail.com","level":"error","message":"Erro ocorreu para manassesbinga@gmail.com: getaddrinfo EAI_FAIL manassesbinga@gmail.com","source":"socket","stack":"Error: getaddrinfo EAI_FAIL manassesbinga@gmail.com\n    at GetAddrInfoReqWrap.onlookupall [as oncomplete] (node:dns:120:26)","syscall":"getaddrinfo","timestamp":"2024-12-06T00:50:54.439Z"}
{"level":"error","message":"Erro ao receber e-mail:","timestamp":"2024-12-06T00:50:55.776Z"}
{"level":"error","message":"Erro ao processar WhatsApp:","timestamp":"2024-12-06T01:06:43.753Z"}
{"level":"error","message":"Erro ao processar e-mails:","timestamp":"2024-12-06T01:06:43.762Z"}
{"code":"EAI_FAIL","errno":-3004,"hostname":"manassesbinga@gmail.com","level":"error","message":"Erro ocorreu para manassesbinga@gmail.com: getaddrinfo EAI_FAIL manassesbinga@gmail.com","source":"socket","stack":"Error: getaddrinfo EAI_FAIL manassesbinga@gmail.com\n    at GetAddrInfoReqWrap.onlookupall [as oncomplete] (node:dns:120:26)","syscall":"getaddrinfo","timestamp":"2024-12-06T01:11:14.573Z"}
{"level":"error","message":"Erro ao receber e-mail:","timestamp":"2024-12-06T01:11:15.958Z"}
{"code":"EAI_FAIL","errno":-3004,"hostname":"manassesbinga@gmail.com","level":"error","message":"Erro ocorreu para manassesbinga@gmail.com: getaddrinfo EAI_FAIL manassesbinga@gmail.com","source":"socket","stack":"Error: getaddrinfo EAI_FAIL manassesbinga@gmail.com\n    at GetAddrInfoReqWrap.onlookupall [as oncomplete] (node:dns:120:26)","syscall":"getaddrinfo","timestamp":"2024-12-06T17:44:13.997Z"}
{"level":"error","message":"Erro ao receber e-mail:","timestamp":"2024-12-06T17:44:15.971Z"}
{"code":"EAI_FAIL","errno":-3004,"hostname":"manassesbinga@gmail.com","level":"error","message":"Erro ocorreu para manassesbinga@gmail.com: getaddrinfo EAI_FAIL manassesbinga@gmail.com","source":"socket","stack":"Error: getaddrinfo EAI_FAIL manassesbinga@gmail.com\n    at GetAddrInfoReqWrap.onlookupall [as oncomplete] (node:dns:120:26)","syscall":"getaddrinfo","timestamp":"2024-12-23T19:35:31.522Z"}
{"level":"error","message":"Erro ao receber e-mail:","timestamp":"2024-12-23T19:35:33.176Z"}
{"code":"EAI_FAIL","errno":-3004,"hostname":"manassesbinga@gmail.com","level":"error","message":"Erro ocorreu para manassesbinga@gmail.com: getaddrinfo EAI_FAIL manassesbinga@gmail.com","source":"socket","stack":"Error: getaddrinfo EAI_FAIL manassesbinga@gmail.com\n    at GetAddrInfoReqWrap.onlookupall [as oncomplete] (node:dns:120:26)","syscall":"getaddrinfo","timestamp":"2024-12-23T21:28:30.911Z"}
{"level":"error","message":"Erro ao receber e-mail:","timestamp":"2024-12-23T21:28:36.632Z"}
{"code":"EAI_FAIL","errno":-3004,"hostname":"manassesbinga@gmail.com","level":"error","message":"Erro ocorreu para manassesbinga@gmail.com: getaddrinfo EAI_FAIL manassesbinga@gmail.com","source":"socket","stack":"Error: getaddrinfo EAI_FAIL manassesbinga@gmail.com\n    at GetAddrInfoReqWrap.onlookupall [as oncomplete] (node:dns:120:26)","syscall":"getaddrinfo","timestamp":"2024-12-23T22:01:43.287Z"}
{"level":"error","message":"Erro ao receber e-mail:","timestamp":"2024-12-23T22:01:44.788Z"}
{"code":"EAI_FAIL","errno":-3004,"hostname":"manassesbinga@gmail.com","level":"error","message":"Erro ocorreu para manassesbinga@gmail.com: getaddrinfo EAI_FAIL manassesbinga@gmail.com","source":"socket","stack":"Error: getaddrinfo EAI_FAIL manassesbinga@gmail.com\n    at GetAddrInfoReqWrap.onlookupall [as oncomplete] (node:dns:120:26)","syscall":"getaddrinfo","timestamp":"2024-12-23T22:31:46.856Z"}
{"level":"error","message":"Erro ao receber e-mail:","timestamp":"2024-12-23T22:31:48.325Z"}
{"code":"EAI_FAIL","errno":-3004,"hostname":"manassesbinga@gmail.com","level":"error","message":"Erro ocorreu para manassesbinga@gmail.com: getaddrinfo EAI_FAIL manassesbinga@gmail.com","source":"socket","stack":"Error: getaddrinfo EAI_FAIL manassesbinga@gmail.com\n    at GetAddrInfoReqWrap.onlookupall [as oncomplete] (node:dns:120:26)","syscall":"getaddrinfo","timestamp":"2024-12-23T22:32:21.102Z"}
{"level":"error","message":"Erro ao receber e-mail:","timestamp":"2024-12-23T22:32:22.693Z"}
{"code":"EAI_FAIL","errno":-3004,"hostname":"manassesbinga@gmail.com","level":"error","message":"Erro ocorreu para manassesbinga@gmail.com: getaddrinfo EAI_FAIL manassesbinga@gmail.com","source":"socket","stack":"Error: getaddrinfo EAI_FAIL manassesbinga@gmail.com\n    at GetAddrInfoReqWrap.onlookupall [as oncomplete] (node:dns:120:26)","syscall":"getaddrinfo","timestamp":"2024-12-23T22:33:53.007Z"}
{"level":"error","message":"Erro ao receber e-mail:","timestamp":"2024-12-23T22:33:54.539Z"}
{"code":"EAI_FAIL","errno":-3004,"hostname":"manassesbinga@gmail.com","level":"error","message":"Erro ocorreu para manassesbinga@gmail.com: getaddrinfo EAI_FAIL manassesbinga@gmail.com","source":"socket","stack":"Error: getaddrinfo EAI_FAIL manassesbinga@gmail.com\n    at GetAddrInfoReqWrap.onlookupall [as oncomplete] (node:dns:120:26)","syscall":"getaddrinfo","timestamp":"2024-12-23T22:34:56.200Z"}
{"level":"error","message":"Erro ao receber e-mail:","timestamp":"2024-12-23T22:34:57.643Z"}
{"code":"EAI_FAIL","errno":-3004,"hostname":"manassesbinga@gmail.com","level":"error","message":"Erro ocorreu para manassesbinga@gmail.com: getaddrinfo EAI_FAIL manassesbinga@gmail.com","source":"socket","stack":"Error: getaddrinfo EAI_FAIL manassesbinga@gmail.com\n    at GetAddrInfoReqWrap.onlookupall [as oncomplete] (node:dns:120:26)","syscall":"getaddrinfo","timestamp":"2024-12-23T22:44:23.305Z"}
{"level":"error","message":"Erro ao receber e-mail:","timestamp":"2024-12-23T22:44:24.803Z"}
{"code":"EAI_FAIL","errno":-3004,"hostname":"manassesbinga@gmail.com","level":"error","message":"Erro ocorreu para manassesbinga@gmail.com: getaddrinfo EAI_FAIL manassesbinga@gmail.com","source":"socket","stack":"Error: getaddrinfo EAI_FAIL manassesbinga@gmail.com\n    at GetAddrInfoReqWrap.onlookupall [as oncomplete] (node:dns:120:26)","syscall":"getaddrinfo","timestamp":"2024-12-23T22:46:45.475Z"}
{"level":"error","message":"Erro ao receber e-mail:","timestamp":"2024-12-23T22:46:46.971Z"}
{"level":"error","message":"Erro ao processar WhatsApp:","timestamp":"2024-12-23T22:46:55.092Z"}
{"code":"EAI_FAIL","errno":-3004,"hostname":"manassesbinga@gmail.com","level":"error","message":"Erro ocorreu para manassesbinga@gmail.com: getaddrinfo EAI_FAIL manassesbinga@gmail.com","source":"socket","stack":"Error: getaddrinfo EAI_FAIL manassesbinga@gmail.com\n    at GetAddrInfoReqWrap.onlookupall [as oncomplete] (node:dns:120:26)","syscall":"getaddrinfo","timestamp":"2024-12-23T23:47:22.881Z"}
{"level":"error","message":"Erro ao receber e-mail:","timestamp":"2024-12-23T23:47:24.324Z"}
{"code":"EAI_FAIL","errno":-3004,"hostname":"manassesbinga@gmail.com","level":"error","message":"Erro ocorreu para manassesbinga@gmail.com: getaddrinfo EAI_FAIL manassesbinga@gmail.com","source":"socket","stack":"Error: getaddrinfo EAI_FAIL manassesbinga@gmail.com\n    at GetAddrInfoReqWrap.onlookupall [as oncomplete] (node:dns:120:26)","syscall":"getaddrinfo","timestamp":"2024-12-23T23:58:31.450Z"}
{"level":"error","message":"Erro ao receber e-mail:","timestamp":"2024-12-23T23:58:32.920Z"}
{"code":"EAI_FAIL","errno":-3004,"hostname":"manassesbinga@gmail.com","level":"error","message":"Erro ocorreu para manassesbinga@gmail.com: getaddrinfo EAI_FAIL manassesbinga@gmail.com","source":"socket","stack":"Error: getaddrinfo EAI_FAIL manassesbinga@gmail.com\n    at GetAddrInfoReqWrap.onlookupall [as oncomplete] (node:dns:120:26)","syscall":"getaddrinfo","timestamp":"2024-12-24T00:12:58.184Z"}
{"level":"error","message":"Erro ao receber e-mail:","timestamp":"2024-12-24T00:13:00.082Z"}
{"code":"EAI_FAIL","errno":-3004,"hostname":"manassesbinga@gmail.com","level":"error","message":"Erro ocorreu para manassesbinga@gmail.com: getaddrinfo EAI_FAIL manassesbinga@gmail.com","source":"socket","stack":"Error: getaddrinfo EAI_FAIL manassesbinga@gmail.com\n    at GetAddrInfoReqWrap.onlookupall [as oncomplete] (node:dns:120:26)","syscall":"getaddrinfo","timestamp":"2024-12-24T00:14:52.864Z"}
{"level":"error","message":"Erro ao receber e-mail:","timestamp":"2024-12-24T00:14:54.340Z"}
{"code":"EAI_FAIL","errno":-3004,"hostname":"manassesbinga@gmail.com","level":"error","message":"Erro ocorreu para manassesbinga@gmail.com: getaddrinfo EAI_FAIL manassesbinga@gmail.com","source":"socket","stack":"Error: getaddrinfo EAI_FAIL manassesbinga@gmail.com\n    at GetAddrInfoReqWrap.onlookupall [as oncomplete] (node:dns:120:26)","syscall":"getaddrinfo","timestamp":"2024-12-24T00:20:05.043Z"}
{"level":"error","message":"Erro ao receber e-mail:","timestamp":"2024-12-24T00:20:06.501Z"}
{"level":"error","message":"Erro ao processar WhatsApp:","timestamp":"2024-12-24T00:20:14.442Z"}
{"code":"EAI_FAIL","errno":-3004,"hostname":"manassesbinga@gmail.com","level":"error","message":"Erro ocorreu para manassesbinga@gmail.com: getaddrinfo EAI_FAIL manassesbinga@gmail.com","source":"socket","stack":"Error: getaddrinfo EAI_FAIL manassesbinga@gmail.com\n    at GetAddrInfoReqWrap.onlookupall [as oncomplete] (node:dns:120:26)","syscall":"getaddrinfo","timestamp":"2024-12-24T00:59:06.177Z"}
{"level":"error","message":"Erro ao receber e-mail:","timestamp":"2024-12-24T00:59:07.754Z"}
{"code":"EAI_FAIL","errno":-3004,"hostname":"manassesbinga@gmail.com","level":"error","message":"Erro ocorreu para manassesbinga@gmail.com: getaddrinfo EAI_FAIL manassesbinga@gmail.com","source":"socket","stack":"Error: getaddrinfo EAI_FAIL manassesbinga@gmail.com\n    at GetAddrInfoReqWrap.onlookupall [as oncomplete] (node:dns:120:26)","syscall":"getaddrinfo","timestamp":"2024-12-24T01:02:41.554Z"}
{"level":"error","message":"Erro ao receber e-mail:","timestamp":"2024-12-24T01:02:43.016Z"}
{"code":"EAI_FAIL","errno":-3004,"hostname":"manassesbinga@gmail.com","level":"error","message":"Erro ocorreu para manassesbinga@gmail.com: getaddrinfo EAI_FAIL manassesbinga@gmail.com","source":"socket","stack":"Error: getaddrinfo EAI_FAIL manassesbinga@gmail.com\n    at GetAddrInfoReqWrap.onlookupall [as oncomplete] (node:dns:120:26)","syscall":"getaddrinfo","timestamp":"2024-12-24T10:41:49.365Z"}
{"level":"error","message":"Erro ao receber e-mail:","timestamp":"2024-12-24T10:41:51.249Z"}
{"code":"EAI_FAIL","errno":-3004,"hostname":"manassesbinga@gmail.com","level":"error","message":"Erro ocorreu para manassesbinga@gmail.com: getaddrinfo EAI_FAIL manassesbinga@gmail.com","source":"socket","stack":"Error: getaddrinfo EAI_FAIL manassesbinga@gmail.com\n    at GetAddrInfoReqWrap.onlookupall [as oncomplete] (node:dns:120:26)","syscall":"getaddrinfo","timestamp":"2024-12-24T12:07:54.721Z"}
{"level":"error","message":"Erro ao receber e-mail:","timestamp":"2024-12-24T12:07:56.307Z"}
{"level":"error","message":"Erro ao processar WhatsApp:","timestamp":"2024-12-24T12:08:01.452Z"}
{"code":"EAI_FAIL","errno":-3004,"hostname":"manassesbinga@gmail.com","level":"error","message":"Erro ocorreu para manassesbinga@gmail.com: getaddrinfo EAI_FAIL manassesbinga@gmail.com","source":"socket","stack":"Error: getaddrinfo EAI_FAIL manassesbinga@gmail.com\n    at GetAddrInfoReqWrap.onlookupall [as oncomplete] (node:dns:120:26)","syscall":"getaddrinfo","timestamp":"2024-12-24T12:09:17.422Z"}
{"level":"error","message":"Erro ao receber e-mail:","timestamp":"2024-12-24T12:09:19.127Z"}
{"code":"EAI_FAIL","errno":-3004,"hostname":"manassesbinga@gmail.com","level":"error","message":"Erro ocorreu para manassesbinga@gmail.com: getaddrinfo EAI_FAIL manassesbinga@gmail.com","source":"socket","stack":"Error: getaddrinfo EAI_FAIL manassesbinga@gmail.com\n    at GetAddrInfoReqWrap.onlookupall [as oncomplete] (node:dns:120:26)","syscall":"getaddrinfo","timestamp":"2024-12-24T12:20:27.448Z"}
{"level":"error","message":"Erro ao receber e-mail:","timestamp":"2024-12-24T12:20:30.159Z"}
{"code":"EAI_FAIL","errno":-3004,"hostname":"manassesbinga@gmail.com","level":"error","message":"Erro ocorreu para manassesbinga@gmail.com: getaddrinfo EAI_FAIL manassesbinga@gmail.com","source":"socket","stack":"Error: getaddrinfo EAI_FAIL manassesbinga@gmail.com\n    at GetAddrInfoReqWrap.onlookupall [as oncomplete] (node:dns:120:26)","syscall":"getaddrinfo","timestamp":"2024-12-24T13:41:14.595Z"}
{"level":"error","message":"Erro ao receber e-mail:","timestamp":"2024-12-24T13:41:17.136Z"}
{"code":"EAI_FAIL","errno":-3004,"hostname":"manassesbinga@gmail.com","level":"error","message":"Erro ocorreu para manassesbinga@gmail.com: getaddrinfo EAI_FAIL manassesbinga@gmail.com","source":"socket","stack":"Error: getaddrinfo EAI_FAIL manassesbinga@gmail.com\n    at GetAddrInfoReqWrap.onlookupall [as oncomplete] (node:dns:120:26)","syscall":"getaddrinfo","timestamp":"2024-12-24T13:46:46.623Z"}
{"level":"error","message":"Erro ao receber e-mail:","timestamp":"2024-12-24T13:46:48.151Z"}
{"level":"error","message":"Erro ao processar e-mails:","timestamp":"2024-12-24T13:57:38.739Z"}
{"level":"error","message":"Erro ao processar WhatsApp:","timestamp":"2024-12-24T13:57:38.743Z"}
{"code":"EAI_FAIL","errno":-3004,"hostname":"manassesbinga@gmail.com","level":"error","message":"Erro ocorreu para manassesbinga@gmail.com: getaddrinfo EAI_FAIL manassesbinga@gmail.com","source":"socket","stack":"Error: getaddrinfo EAI_FAIL manassesbinga@gmail.com\n    at GetAddrInfoReqWrap.onlookupall [as oncomplete] (node:dns:120:26)","syscall":"getaddrinfo","timestamp":"2024-12-24T14:03:00.501Z"}
{"level":"error","message":"Erro ao receber e-mail:","timestamp":"2024-12-24T14:03:01.990Z"}
{"code":"EAI_FAIL","errno":-3004,"hostname":"manassesbinga@gmail.com","level":"error","message":"Erro ocorreu para manassesbinga@gmail.com: getaddrinfo EAI_FAIL manassesbinga@gmail.com","source":"socket","stack":"Error: getaddrinfo EAI_FAIL manassesbinga@gmail.com\n    at GetAddrInfoReqWrap.onlookupall [as oncomplete] (node:dns:120:26)","syscall":"getaddrinfo","timestamp":"2024-12-24T14:16:24.248Z"}
{"level":"error","message":"Erro ao receber e-mail:","timestamp":"2024-12-24T14:16:25.731Z"}
{"code":"EAI_FAIL","errno":-3004,"hostname":"manassesbinga@gmail.com","level":"error","message":"Erro ocorreu para manassesbinga@gmail.com: getaddrinfo EAI_FAIL manassesbinga@gmail.com","source":"socket","stack":"Error: getaddrinfo EAI_FAIL manassesbinga@gmail.com\n    at GetAddrInfoReqWrap.onlookupall [as oncomplete] (node:dns:120:26)","syscall":"getaddrinfo","timestamp":"2024-12-24T14:17:54.193Z"}
{"level":"error","message":"Erro ao receber e-mail:","timestamp":"2024-12-24T14:17:55.676Z"}
{"code":"EAI_FAIL","errno":-3004,"hostname":"manassesbinga@gmail.com","level":"error","message":"Erro ocorreu para manassesbinga@gmail.com: getaddrinfo EAI_FAIL manassesbinga@gmail.com","source":"socket","stack":"Error: getaddrinfo EAI_FAIL manassesbinga@gmail.com\n    at GetAddrInfoReqWrap.onlookupall [as oncomplete] (node:dns:120:26)","syscall":"getaddrinfo","timestamp":"2024-12-24T14:28:13.152Z"}
{"level":"error","message":"Erro ao receber e-mail:","timestamp":"2024-12-24T14:28:14.688Z"}
{"level":"error","message":"Erro ao processar e-mails:","timestamp":"2024-12-24T14:51:18.523Z"}
{"level":"error","message":"Erro ao processar WhatsApp:","timestamp":"2024-12-24T14:51:18.532Z"}
{"code":"EAI_FAIL","errno":-3004,"hostname":"manassesbinga@gmail.com","level":"error","message":"Erro ocorreu para manassesbinga@gmail.com: getaddrinfo EAI_FAIL manassesbinga@gmail.com","source":"socket","stack":"Error: getaddrinfo EAI_FAIL manassesbinga@gmail.com\n    at GetAddrInfoReqWrap.onlookupall [as oncomplete] (node:dns:120:26)","syscall":"getaddrinfo","timestamp":"2024-12-24T14:58:50.913Z"}
{"level":"error","message":"Erro ao receber e-mail:","timestamp":"2024-12-24T14:58:55.640Z"}
{"code":"EAI_FAIL","errno":-3004,"hostname":"manassesbinga@gmail.com","level":"error","message":"Erro ocorreu para manassesbinga@gmail.com: getaddrinfo EAI_FAIL manassesbinga@gmail.com","source":"socket","stack":"Error: getaddrinfo EAI_FAIL manassesbinga@gmail.com\n    at GetAddrInfoReqWrap.onlookupall [as oncomplete] (node:dns:120:26)","syscall":"getaddrinfo","timestamp":"2024-12-24T15:41:52.071Z"}
{"level":"error","message":"Erro ao receber e-mail:","timestamp":"2024-12-24T15:41:53.557Z"}
{"code":"EAI_FAIL","errno":-3004,"hostname":"manassesbinga@gmail.com","level":"error","message":"Erro ocorreu para manassesbinga@gmail.com: getaddrinfo EAI_FAIL manassesbinga@gmail.com","source":"socket","stack":"Error: getaddrinfo EAI_FAIL manassesbinga@gmail.com\n    at GetAddrInfoReqWrap.onlookupall [as oncomplete] (node:dns:120:26)","syscall":"getaddrinfo","timestamp":"2024-12-24T20:20:48.416Z"}
{"level":"error","message":"Erro ao receber e-mail:","timestamp":"2024-12-24T20:20:50.003Z"}
{"code":"EAI_FAIL","errno":-3004,"hostname":"manassesbinga@gmail.com","level":"error","message":"Erro ocorreu para manassesbinga@gmail.com: getaddrinfo EAI_FAIL manassesbinga@gmail.com","source":"socket","stack":"Error: getaddrinfo EAI_FAIL manassesbinga@gmail.com\n    at GetAddrInfoReqWrap.onlookupall [as oncomplete] (node:dns:120:26)","syscall":"getaddrinfo","timestamp":"2024-12-24T20:40:37.260Z"}
{"level":"error","message":"Erro ao receber e-mail:","timestamp":"2024-12-24T20:40:39.146Z"}
{"code":"EAI_FAIL","errno":-3004,"hostname":"manassesbinga@gmail.com","level":"error","message":"Erro ocorreu para manassesbinga@gmail.com: getaddrinfo EAI_FAIL manassesbinga@gmail.com","source":"socket","stack":"Error: getaddrinfo EAI_FAIL manassesbinga@gmail.com\n    at GetAddrInfoReqWrap.onlookupall [as oncomplete] (node:dns:120:26)","syscall":"getaddrinfo","timestamp":"2024-12-26T01:39:05.614Z"}
{"level":"error","message":"Erro ao receber e-mail:","timestamp":"2024-12-26T01:39:07.189Z"}
{"code":"EAI_FAIL","errno":-3004,"hostname":"manassesbinga@gmail.com","level":"error","message":"Erro ocorreu para manassesbinga@gmail.com: getaddrinfo EAI_FAIL manassesbinga@gmail.com","source":"socket","stack":"Error: getaddrinfo EAI_FAIL manassesbinga@gmail.com\n    at GetAddrInfoReqWrap.onlookupall [as oncomplete] (node:dns:120:26)","syscall":"getaddrinfo","timestamp":"2024-12-26T22:41:39.748Z"}
{"level":"error","message":"Erro ao receber e-mail:","timestamp":"2024-12-26T22:41:41.401Z"}
{"code":"EAI_FAIL","errno":-3004,"hostname":"manassesbinga@gmail.com","level":"error","message":"Erro ocorreu para manassesbinga@gmail.com: getaddrinfo EAI_FAIL manassesbinga@gmail.com","source":"socket","stack":"Error: getaddrinfo EAI_FAIL manassesbinga@gmail.com\n    at GetAddrInfoReqWrap.onlookupall [as oncomplete] (node:dns:120:26)","syscall":"getaddrinfo","timestamp":"2024-12-26T23:08:39.945Z"}
{"level":"error","message":"Erro ao receber e-mail:","timestamp":"2024-12-26T23:08:42.145Z"}
{"code":"EAI_FAIL","errno":-3004,"hostname":"manassesbinga@gmail.com","level":"error","message":"Erro ocorreu para manassesbinga@gmail.com: getaddrinfo EAI_FAIL manassesbinga@gmail.com","source":"socket","stack":"Error: getaddrinfo EAI_FAIL manassesbinga@gmail.com\n    at GetAddrInfoReqWrap.onlookupall [as oncomplete] (node:dns:120:26)","syscall":"getaddrinfo","timestamp":"2024-12-27T02:49:54.876Z"}
{"level":"error","message":"Erro ao receber e-mail:","timestamp":"2024-12-27T02:49:56.389Z"}
{"code":"EAI_FAIL","errno":-3004,"hostname":"manassesbinga@gmail.com","level":"error","message":"Erro ocorreu para manassesbinga@gmail.com: getaddrinfo EAI_FAIL manassesbinga@gmail.com","source":"socket","stack":"Error: getaddrinfo EAI_FAIL manassesbinga@gmail.com\n    at GetAddrInfoReqWrap.onlookupall [as oncomplete] (node:dns:120:26)","syscall":"getaddrinfo","timestamp":"2024-12-27T12:09:27.175Z"}
{"level":"error","message":"Erro ao receber e-mail:","timestamp":"2024-12-27T12:09:28.672Z"}
{"code":"EAI_FAIL","errno":-3004,"hostname":"manassesbinga@gmail.com","level":"error","message":"Erro ocorreu para manassesbinga@gmail.com: getaddrinfo EAI_FAIL manassesbinga@gmail.com","source":"socket","stack":"Error: getaddrinfo EAI_FAIL manassesbinga@gmail.com\n    at GetAddrInfoReqWrap.onlookupall [as oncomplete] (node:dns:120:26)","syscall":"getaddrinfo","timestamp":"2024-12-27T20:59:28.129Z"}
{"level":"error","message":"Erro ao receber e-mail:","timestamp":"2024-12-27T20:59:29.789Z"}
{"code":"EAI_FAIL","errno":-3004,"hostname":"manassesbinga@gmail.com","level":"error","message":"Erro ocorreu para manassesbinga@gmail.com: getaddrinfo EAI_FAIL manassesbinga@gmail.com","source":"socket","stack":"Error: getaddrinfo EAI_FAIL manassesbinga@gmail.com\n    at GetAddrInfoReqWrap.onlookupall [as oncomplete] (node:dns:120:26)","syscall":"getaddrinfo","timestamp":"2024-12-28T00:35:01.858Z"}
{"level":"error","message":"Erro ao receber e-mail:","timestamp":"2024-12-28T00:35:03.343Z"}
{"code":"EAI_FAIL","errno":-3004,"hostname":"manassesbinga@gmail.com","level":"error","message":"Erro ocorreu para manassesbinga@gmail.com: getaddrinfo EAI_FAIL manassesbinga@gmail.com","source":"socket","stack":"Error: getaddrinfo EAI_FAIL manassesbinga@gmail.com\n    at GetAddrInfoReqWrap.onlookupall [as oncomplete] (node:dns:120:26)","syscall":"getaddrinfo","timestamp":"2025-01-01T14:15:00.965Z"}
{"level":"error","message":"Erro ao receber e-mail:","timestamp":"2025-01-01T14:15:03.366Z"}
{"code":"EAI_FAIL","errno":-3004,"hostname":"manassesbinga@gmail.com","level":"error","message":"Erro ocorreu para manassesbinga@gmail.com: getaddrinfo EAI_FAIL manassesbinga@gmail.com","source":"socket","stack":"Error: getaddrinfo EAI_FAIL manassesbinga@gmail.com\n    at GetAddrInfoReqWrap.onlookupall [as oncomplete] (node:dns:120:26)","syscall":"getaddrinfo","timestamp":"2025-01-01T21:33:15.564Z"}
{"level":"error","message":"Erro ao receber e-mail:","timestamp":"2025-01-01T21:33:17.053Z"}
{"code":"EAI_FAIL","errno":-3004,"hostname":"manassesbinga@gmail.com","level":"error","message":"Erro ocorreu para manassesbinga@gmail.com: getaddrinfo EAI_FAIL manassesbinga@gmail.com","source":"socket","stack":"Error: getaddrinfo EAI_FAIL manassesbinga@gmail.com\n    at GetAddrInfoReqWrap.onlookupall [as oncomplete] (node:dns:120:26)","syscall":"getaddrinfo","timestamp":"2025-01-01T22:07:34.694Z"}
{"level":"error","message":"Erro ao receber e-mail:","timestamp":"2025-01-01T22:07:36.187Z"}
{"code":"EAI_FAIL","errno":-3004,"hostname":"manassesbinga@gmail.com","level":"error","message":"Erro ocorreu para manassesbinga@gmail.com: getaddrinfo EAI_FAIL manassesbinga@gmail.com","source":"socket","stack":"Error: getaddrinfo EAI_FAIL manassesbinga@gmail.com\n    at GetAddrInfoReqWrap.onlookupall [as oncomplete] (node:dns:120:26)","syscall":"getaddrinfo","timestamp":"2025-01-01T22:28:30.741Z"}
{"level":"error","message":"Erro ao receber e-mail:","timestamp":"2025-01-01T22:28:32.278Z"}
{"code":"EAI_FAIL","errno":-3004,"hostname":"manassesbinga@gmail.com","level":"error","message":"Erro ocorreu para manassesbinga@gmail.com: getaddrinfo EAI_FAIL manassesbinga@gmail.com","source":"socket","stack":"Error: getaddrinfo EAI_FAIL manassesbinga@gmail.com\n    at GetAddrInfoReqWrap.onlookupall [as oncomplete] (node:dns:120:26)","syscall":"getaddrinfo","timestamp":"2025-01-08T13:32:55.912Z"}
{"level":"error","message":"Erro ao receber e-mail:","timestamp":"2025-01-08T13:32:58.682Z"}
{"code":"EAI_FAIL","errno":-3004,"hostname":"manassesbinga@gmail.com","level":"error","message":"Erro ocorreu para manassesbinga@gmail.com: getaddrinfo EAI_FAIL manassesbinga@gmail.com","source":"socket","stack":"Error: getaddrinfo EAI_FAIL manassesbinga@gmail.com\n    at GetAddrInfoReqWrap.onlookupall [as oncomplete] (node:dns:120:26)","syscall":"getaddrinfo","timestamp":"2025-01-08T13:46:30.128Z"}
{"level":"error","message":"Erro ao receber e-mail:","timestamp":"2025-01-08T13:46:31.552Z"}
{"code":"EAI_FAIL","errno":-3004,"hostname":"manassesbinga@gmail.com","level":"error","message":"Erro ocorreu para manassesbinga@gmail.com: getaddrinfo EAI_FAIL manassesbinga@gmail.com","source":"socket","stack":"Error: getaddrinfo EAI_FAIL manassesbinga@gmail.com\n    at GetAddrInfoReqWrap.onlookupall [as oncomplete] (node:dns:120:26)","syscall":"getaddrinfo","timestamp":"2025-01-08T13:49:37.873Z"}
{"level":"error","message":"Erro ao receber e-mail:","timestamp":"2025-01-08T13:49:39.285Z"}
{"level":"error","message":"Erro ao processar WhatsApp:","timestamp":"2025-01-08T13:52:52.791Z"}
{"code":"EAI_FAIL","errno":-3004,"hostname":"manassesbinga@gmail.com","level":"error","message":"Erro ocorreu para manassesbinga@gmail.com: getaddrinfo EAI_FAIL manassesbinga@gmail.com","source":"socket","stack":"Error: getaddrinfo EAI_FAIL manassesbinga@gmail.com\n    at GetAddrInfoReqWrap.onlookupall [as oncomplete] (node:dns:120:26)","syscall":"getaddrinfo","timestamp":"2025-01-08T13:58:35.312Z"}
{"level":"error","message":"Erro ao receber e-mail:","timestamp":"2025-01-08T13:58:37.037Z"}
{"level":"error","message":"Erro ao processar WhatsApp:","timestamp":"2025-01-08T14:01:41.748Z"}
{"code":"EAI_FAIL","errno":-3004,"hostname":"manassesbinga@gmail.com","level":"error","message":"Erro ocorreu para manassesbinga@gmail.com: getaddrinfo EAI_FAIL manassesbinga@gmail.com","source":"socket","stack":"Error: getaddrinfo EAI_FAIL manassesbinga@gmail.com\n    at GetAddrInfoReqWrap.onlookupall [as oncomplete] (node:dns:120:26)","syscall":"getaddrinfo","timestamp":"2025-01-09T08:06:15.405Z"}
{"level":"error","message":"Erro ao receber e-mail:","timestamp":"2025-01-09T08:06:16.889Z"}
{"level":"error","message":"Erro ao processar WhatsApp:","timestamp":"2025-01-09T08:09:22.132Z"}
{"code":"EAI_FAIL","errno":-3004,"hostname":"manassesbinga@gmail.com","level":"error","message":"Erro ocorreu para manassesbinga@gmail.com: getaddrinfo EAI_FAIL manassesbinga@gmail.com","source":"socket","stack":"Error: getaddrinfo EAI_FAIL manassesbinga@gmail.com\n    at GetAddrInfoReqWrap.onlookupall [as oncomplete] (node:dns:120:26)","syscall":"getaddrinfo","timestamp":"2025-01-09T09:16:17.308Z"}
{"level":"error","message":"Erro ao receber e-mail:","timestamp":"2025-01-09T09:16:18.817Z"}
{"level":"error","message":"Erro ao processar WhatsApp:","timestamp":"2025-01-09T09:19:27.378Z"}
{"code":"EAI_FAIL","errno":-3004,"hostname":"manassesbinga@gmail.com","level":"error","message":"Erro ocorreu para manassesbinga@gmail.com: getaddrinfo EAI_FAIL manassesbinga@gmail.com","source":"socket","stack":"Error: getaddrinfo EAI_FAIL manassesbinga@gmail.com\n    at GetAddrInfoReqWrap.onlookupall [as oncomplete] (node:dns:120:26)","syscall":"getaddrinfo","timestamp":"2025-01-09T09:53:32.605Z"}
{"level":"error","message":"Erro ao receber e-mail:","timestamp":"2025-01-09T09:53:34.055Z"}
{"level":"error","message":"Erro ao processar WhatsApp:","timestamp":"2025-01-09T09:56:38.584Z"}
{"code":"EAI_FAIL","errno":-3004,"hostname":"manassesbinga@gmail.com","level":"error","message":"Erro ocorreu para manassesbinga@gmail.com: getaddrinfo EAI_FAIL manassesbinga@gmail.com","source":"socket","stack":"Error: getaddrinfo EAI_FAIL manassesbinga@gmail.com\n    at GetAddrInfoReqWrap.onlookupall [as oncomplete] (node:dns:120:26)","syscall":"getaddrinfo","timestamp":"2025-01-09T10:01:17.627Z"}
{"level":"error","message":"Erro ao receber e-mail:","timestamp":"2025-01-09T10:01:19.092Z"}
{"level":"error","message":"Erro ao processar WhatsApp:","timestamp":"2025-01-09T10:04:24.116Z"}
{"code":"EAI_FAIL","errno":-3004,"hostname":"manassesbinga@gmail.com","level":"error","message":"Erro ocorreu para manassesbinga@gmail.com: getaddrinfo EAI_FAIL manassesbinga@gmail.com","source":"socket","stack":"Error: getaddrinfo EAI_FAIL manassesbinga@gmail.com\n    at GetAddrInfoReqWrap.onlookupall [as oncomplete] (node:dns:120:26)","syscall":"getaddrinfo","timestamp":"2025-01-09T12:48:54.236Z"}
{"level":"error","message":"Erro ao receber e-mail:","timestamp":"2025-01-09T12:48:55.691Z"}
{"level":"error","message":"Erro ao processar WhatsApp:","timestamp":"2025-01-09T12:51:59.918Z"}
{"code":"EAI_FAIL","errno":-3004,"hostname":"manassesbinga@gmail.com","level":"error","message":"Erro ocorreu para manassesbinga@gmail.com: getaddrinfo EAI_FAIL manassesbinga@gmail.com","source":"socket","stack":"Error: getaddrinfo EAI_FAIL manassesbinga@gmail.com\n    at GetAddrInfoReqWrap.onlookupall [as oncomplete] (node:dns:120:26)","syscall":"getaddrinfo","timestamp":"2025-01-10T10:35:07.897Z"}
{"level":"error","message":"Erro ao receber e-mail:","timestamp":"2025-01-10T10:35:09.359Z"}
{"level":"error","message":"Erro ao processar WhatsApp:","timestamp":"2025-01-10T10:38:14.774Z"}
{"code":"EAI_FAIL","errno":-3004,"hostname":"manassesbinga@gmail.com","level":"error","message":"Erro ocorreu para manassesbinga@gmail.com: getaddrinfo EAI_FAIL manassesbinga@gmail.com","source":"socket","stack":"Error: getaddrinfo EAI_FAIL manassesbinga@gmail.com\n    at GetAddrInfoReqWrap.onlookupall [as oncomplete] (node:dns:120:26)","syscall":"getaddrinfo","timestamp":"2025-01-10T11:11:22.635Z"}
{"level":"error","message":"Erro ao receber e-mail:","timestamp":"2025-01-10T11:11:24.066Z"}
{"code":"EAI_FAIL","errno":-3004,"hostname":"manassesbinga@gmail.com","level":"error","message":"Erro ocorreu para manassesbinga@gmail.com: getaddrinfo EAI_FAIL manassesbinga@gmail.com","source":"socket","stack":"Error: getaddrinfo EAI_FAIL manassesbinga@gmail.com\n    at GetAddrInfoReqWrap.onlookupall [as oncomplete] (node:dns:120:26)","syscall":"getaddrinfo","timestamp":"2025-01-10T11:42:44.044Z"}
{"level":"error","message":"Erro ao receber e-mail:","timestamp":"2025-01-10T11:42:45.469Z"}
{"level":"error","message":"Erro ao processar WhatsApp:","timestamp":"2025-01-10T11:45:50.920Z"}
{"code":"EAI_FAIL","errno":-3004,"hostname":"manassesbinga@gmail.com","level":"error","message":"Erro ocorreu para manassesbinga@gmail.com: getaddrinfo EAI_FAIL manassesbinga@gmail.com","source":"socket","stack":"Error: getaddrinfo EAI_FAIL manassesbinga@gmail.com\n    at GetAddrInfoReqWrap.onlookupall [as oncomplete] (node:dns:120:26)","syscall":"getaddrinfo","timestamp":"2025-01-10T12:46:38.040Z"}
{"level":"error","message":"Erro ao receber e-mail:","timestamp":"2025-01-10T12:46:39.494Z"}
{"level":"error","message":"Erro ao processar WhatsApp:","timestamp":"2025-01-10T12:49:43.133Z"}
{"code":"EAI_FAIL","errno":-3004,"hostname":"manassesbinga@gmail.com","level":"error","message":"Erro ocorreu para manassesbinga@gmail.com: getaddrinfo EAI_FAIL manassesbinga@gmail.com","source":"socket","stack":"Error: getaddrinfo EAI_FAIL manassesbinga@gmail.com\n    at GetAddrInfoReqWrap.onlookupall [as oncomplete] (node:dns:120:26)","syscall":"getaddrinfo","timestamp":"2025-01-10T12:53:27.625Z"}
{"level":"error","message":"Erro ao receber e-mail:","timestamp":"2025-01-10T12:53:29.066Z"}
{"level":"error","message":"Erro ao processar WhatsApp:","timestamp":"2025-01-10T12:56:37.914Z"}
{"code":"EAI_FAIL","errno":-3004,"hostname":"manassesbinga@gmail.com","level":"error","message":"Erro ocorreu para manassesbinga@gmail.com: getaddrinfo EAI_FAIL manassesbinga@gmail.com","source":"socket","stack":"Error: getaddrinfo EAI_FAIL manassesbinga@gmail.com\n    at GetAddrInfoReqWrap.onlookupall [as oncomplete] (node:dns:120:26)","syscall":"getaddrinfo","timestamp":"2025-01-10T13:16:45.451Z"}
{"level":"error","message":"Erro ao receber e-mail:","timestamp":"2025-01-10T13:16:46.892Z"}
{"level":"error","message":"Erro ao processar WhatsApp:","timestamp":"2025-01-10T13:19:51.062Z"}
{"code":"EAI_FAIL","errno":-3004,"hostname":"manassesbinga@gmail.com","level":"error","message":"Erro ocorreu para manassesbinga@gmail.com: getaddrinfo EAI_FAIL manassesbinga@gmail.com","source":"socket","stack":"Error: getaddrinfo EAI_FAIL manassesbinga@gmail.com\n    at GetAddrInfoReqWrap.onlookupall [as oncomplete] (node:dns:120:26)","syscall":"getaddrinfo","timestamp":"2025-01-10T13:40:22.625Z"}
{"level":"error","message":"Erro ao receber e-mail:","timestamp":"2025-01-10T13:40:24.152Z"}
{"level":"error","message":"Erro ao processar WhatsApp:","timestamp":"2025-01-10T13:43:28.709Z"}
{"code":"EAI_FAIL","errno":-3004,"hostname":"manassesbinga@gmail.com","level":"error","message":"Erro ocorreu para manassesbinga@gmail.com: getaddrinfo EAI_FAIL manassesbinga@gmail.com","source":"socket","stack":"Error: getaddrinfo EAI_FAIL manassesbinga@gmail.com\n    at GetAddrInfoReqWrap.onlookupall [as oncomplete] (node:dns:120:26)","syscall":"getaddrinfo","timestamp":"2025-01-10T13:48:56.776Z"}
{"level":"error","message":"Erro ao receber e-mail:","timestamp":"2025-01-10T13:48:58.210Z"}
{"code":"EAI_FAIL","errno":-3004,"hostname":"manassesbinga@gmail.com","level":"error","message":"Erro ocorreu para manassesbinga@gmail.com: getaddrinfo EAI_FAIL manassesbinga@gmail.com","source":"socket","stack":"Error: getaddrinfo EAI_FAIL manassesbinga@gmail.com\n    at GetAddrInfoReqWrap.onlookupall [as oncomplete] (node:dns:120:26)","syscall":"getaddrinfo","timestamp":"2025-01-10T14:03:41.548Z"}
{"level":"error","message":"Erro ao receber e-mail:","timestamp":"2025-01-10T14:03:43.003Z"}
{"level":"error","message":"Erro ao processar WhatsApp:","timestamp":"2025-01-10T14:07:04.614Z"}
{"code":"EAI_FAIL","errno":-3004,"hostname":"manassesbinga@gmail.com","level":"error","message":"Erro ocorreu para manassesbinga@gmail.com: getaddrinfo EAI_FAIL manassesbinga@gmail.com","source":"socket","stack":"Error: getaddrinfo EAI_FAIL manassesbinga@gmail.com\n    at GetAddrInfoReqWrap.onlookupall [as oncomplete] (node:dns:120:26)","syscall":"getaddrinfo","timestamp":"2025-01-10T14:31:52.223Z"}
{"level":"error","message":"Erro ao receber e-mail:","timestamp":"2025-01-10T14:31:53.767Z"}
{"level":"error","message":"Erro ao processar WhatsApp:","timestamp":"2025-01-10T14:34:59.131Z"}
{"code":"EAI_FAIL","errno":-3004,"hostname":"manassesbinga@gmail.com","level":"error","message":"Erro ocorreu para manassesbinga@gmail.com: getaddrinfo EAI_FAIL manassesbinga@gmail.com","source":"socket","stack":"Error: getaddrinfo EAI_FAIL manassesbinga@gmail.com\n    at GetAddrInfoReqWrap.onlookupall [as oncomplete] (node:dns:120:26)","syscall":"getaddrinfo","timestamp":"2025-01-10T15:26:29.734Z"}
{"level":"error","message":"Erro ao receber e-mail:","timestamp":"2025-01-10T15:26:31.243Z"}
{"level":"error","message":"Erro ao processar WhatsApp:","timestamp":"2025-01-10T15:29:36.126Z"}
{"code":"EAI_FAIL","errno":-3004,"hostname":"manassesbinga@gmail.com","level":"error","message":"Erro ocorreu para manassesbinga@gmail.com: getaddrinfo EAI_FAIL manassesbinga@gmail.com","source":"socket","stack":"Error: getaddrinfo EAI_FAIL manassesbinga@gmail.com\n    at GetAddrInfoReqWrap.onlookupall [as oncomplete] (node:dns:120:26)","syscall":"getaddrinfo","timestamp":"2025-01-10T20:18:17.634Z"}
{"level":"error","message":"Erro ao receber e-mail:","timestamp":"2025-01-10T20:18:19.225Z"}
{"code":"EAI_FAIL","errno":-3004,"hostname":"manassesbinga@gmail.com","level":"error","message":"Erro ocorreu para manassesbinga@gmail.com: getaddrinfo EAI_FAIL manassesbinga@gmail.com","source":"socket","stack":"Error: getaddrinfo EAI_FAIL manassesbinga@gmail.com\n    at GetAddrInfoReqWrap.onlookupall [as oncomplete] (node:dns:120:26)","syscall":"getaddrinfo","timestamp":"2025-01-10T20:30:03.430Z"}
{"level":"error","message":"Erro ao receber e-mail:","timestamp":"2025-01-10T20:30:05.052Z"}
{"code":"EAI_FAIL","errno":-3004,"hostname":"manassesbinga@gmail.com","level":"error","message":"Erro ocorreu para manassesbinga@gmail.com: getaddrinfo EAI_FAIL manassesbinga@gmail.com","source":"socket","stack":"Error: getaddrinfo EAI_FAIL manassesbinga@gmail.com\n    at GetAddrInfoReqWrap.onlookupall [as oncomplete] (node:dns:120:26)","syscall":"getaddrinfo","timestamp":"2025-01-10T21:21:34.613Z"}
{"level":"error","message":"Erro ao receber e-mail:","timestamp":"2025-01-10T21:21:36.263Z"}
{"code":"EAI_FAIL","errno":-3004,"hostname":"manassesbinga@gmail.com","level":"error","message":"Erro ocorreu para manassesbinga@gmail.com: getaddrinfo EAI_FAIL manassesbinga@gmail.com","source":"socket","stack":"Error: getaddrinfo EAI_FAIL manassesbinga@gmail.com\n    at GetAddrInfoReqWrap.onlookupall [as oncomplete] (node:dns:120:26)","syscall":"getaddrinfo","timestamp":"2025-01-10T21:26:36.407Z"}
{"level":"error","message":"Erro ao receber e-mail:","timestamp":"2025-01-10T21:26:38.444Z"}
{"code":"EAI_FAIL","errno":-3004,"hostname":"manassesbinga@gmail.com","level":"error","message":"Erro ocorreu para manassesbinga@gmail.com: getaddrinfo EAI_FAIL manassesbinga@gmail.com","source":"socket","stack":"Error: getaddrinfo EAI_FAIL manassesbinga@gmail.com\n    at GetAddrInfoReqWrap.onlookupall [as oncomplete] (node:dns:120:26)","syscall":"getaddrinfo","timestamp":"2025-01-10T21:31:25.531Z"}
{"level":"error","message":"Erro ao receber e-mail:","timestamp":"2025-01-10T21:31:27.026Z"}
{"code":"EAI_FAIL","errno":-3004,"hostname":"manassesbinga@gmail.com","level":"error","message":"Erro ocorreu para manassesbinga@gmail.com: getaddrinfo EAI_FAIL manassesbinga@gmail.com","source":"socket","stack":"Error: getaddrinfo EAI_FAIL manassesbinga@gmail.com\n    at GetAddrInfoReqWrap.onlookupall [as oncomplete] (node:dns:120:26)","syscall":"getaddrinfo","timestamp":"2025-01-10T22:11:17.344Z"}
{"level":"error","message":"Erro ao receber e-mail:","timestamp":"2025-01-10T22:11:19.007Z"}
{"code":"EAI_FAIL","errno":-3004,"hostname":"manassesbinga@gmail.com","level":"error","message":"Erro ocorreu para manassesbinga@gmail.com: getaddrinfo EAI_FAIL manassesbinga@gmail.com","source":"socket","stack":"Error: getaddrinfo EAI_FAIL manassesbinga@gmail.com\n    at GetAddrInfoReqWrap.onlookupall [as oncomplete] (node:dns:120:26)","syscall":"getaddrinfo","timestamp":"2025-01-10T22:55:18.339Z"}
{"level":"error","message":"Erro ao receber e-mail:","timestamp":"2025-01-10T22:55:20.289Z"}
{"code":"EAI_FAIL","errno":-3004,"hostname":"manassesbinga@gmail.com","level":"error","message":"Erro ocorreu para manassesbinga@gmail.com: getaddrinfo EAI_FAIL manassesbinga@gmail.com","source":"socket","stack":"Error: getaddrinfo EAI_FAIL manassesbinga@gmail.com\n    at GetAddrInfoReqWrap.onlookupall [as oncomplete] (node:dns:120:26)","syscall":"getaddrinfo","timestamp":"2025-01-11T16:32:02.815Z"}
{"level":"error","message":"Erro ao receber e-mail:","timestamp":"2025-01-11T16:32:04.671Z"}
{"code":"EAI_FAIL","errno":-3004,"hostname":"manassesbinga@gmail.com","level":"error","message":"Erro ocorreu para manassesbinga@gmail.com: getaddrinfo EAI_FAIL manassesbinga@gmail.com","source":"socket","stack":"Error: getaddrinfo EAI_FAIL manassesbinga@gmail.com\n    at GetAddrInfoReqWrap.onlookupall [as oncomplete] (node:dns:120:26)","syscall":"getaddrinfo","timestamp":"2025-01-11T16:38:51.974Z"}
{"level":"error","message":"Erro ao receber e-mail:","timestamp":"2025-01-11T16:38:53.540Z"}
{"code":"EAI_FAIL","errno":-3004,"hostname":"manassesbinga@gmail.com","level":"error","message":"Erro ocorreu para manassesbinga@gmail.com: getaddrinfo EAI_FAIL manassesbinga@gmail.com","source":"socket","stack":"Error: getaddrinfo EAI_FAIL manassesbinga@gmail.com\n    at GetAddrInfoReqWrap.onlookupall [as oncomplete] (node:dns:120:26)","syscall":"getaddrinfo","timestamp":"2025-01-11T16:49:50.820Z"}
{"level":"error","message":"Erro ao receber e-mail:","timestamp":"2025-01-11T16:49:52.346Z"}
{"code":"EAI_FAIL","errno":-3004,"hostname":"manassesbinga@gmail.com","level":"error","message":"Erro ocorreu para manassesbinga@gmail.com: getaddrinfo EAI_FAIL manassesbinga@gmail.com","source":"socket","stack":"Error: getaddrinfo EAI_FAIL manassesbinga@gmail.com\n    at GetAddrInfoReqWrap.onlookupall [as oncomplete] (node:dns:120:26)","syscall":"getaddrinfo","timestamp":"2025-01-11T17:05:48.116Z"}
{"level":"error","message":"Erro ao receber e-mail:","timestamp":"2025-01-11T17:05:49.738Z"}
{"code":"EAI_FAIL","errno":-3004,"hostname":"manassesbinga@gmail.com","level":"error","message":"Erro ocorreu para manassesbinga@gmail.com: getaddrinfo EAI_FAIL manassesbinga@gmail.com","source":"socket","stack":"Error: getaddrinfo EAI_FAIL manassesbinga@gmail.com\n    at GetAddrInfoReqWrap.onlookupall [as oncomplete] (node:dns:120:26)","syscall":"getaddrinfo","timestamp":"2025-01-11T17:10:25.888Z"}
{"level":"error","message":"Erro ao receber e-mail:","timestamp":"2025-01-11T17:10:27.595Z"}
{"code":"EAI_FAIL","errno":-3004,"hostname":"manassesbinga@gmail.com","level":"error","message":"Erro ocorreu para manassesbinga@gmail.com: getaddrinfo EAI_FAIL manassesbinga@gmail.com","source":"socket","stack":"Error: getaddrinfo EAI_FAIL manassesbinga@gmail.com\n    at GetAddrInfoReqWrap.onlookupall [as oncomplete] (node:dns:120:26)","syscall":"getaddrinfo","timestamp":"2025-01-11T22:05:27.318Z"}
{"level":"error","message":"Erro ao receber e-mail:","timestamp":"2025-01-11T22:05:30.361Z"}
{"code":"EAI_FAIL","errno":-3004,"hostname":"manassesbinga@gmail.com","level":"error","message":"Erro ocorreu para manassesbinga@gmail.com: getaddrinfo EAI_FAIL manassesbinga@gmail.com","source":"socket","stack":"Error: getaddrinfo EAI_FAIL manassesbinga@gmail.com\n    at GetAddrInfoReqWrap.onlookupall [as oncomplete] (node:dns:120:26)","syscall":"getaddrinfo","timestamp":"2025-01-11T22:33:15.402Z"}
{"level":"error","message":"Erro ao receber e-mail:","timestamp":"2025-01-11T22:33:17.102Z"}
{"code":"EAI_FAIL","errno":-3004,"hostname":"manassesbinga@gmail.com","level":"error","message":"Erro ocorreu para manassesbinga@gmail.com: getaddrinfo EAI_FAIL manassesbinga@gmail.com","source":"socket","stack":"Error: getaddrinfo EAI_FAIL manassesbinga@gmail.com\n    at GetAddrInfoReqWrap.onlookupall [as oncomplete] (node:dns:120:26)","syscall":"getaddrinfo","timestamp":"2025-01-11T22:37:55.690Z"}
{"level":"error","message":"Erro ao receber e-mail:","timestamp":"2025-01-11T22:37:57.494Z"}
{"code":"EAI_FAIL","errno":-3004,"hostname":"manassesbinga@gmail.com","level":"error","message":"Erro ocorreu para manassesbinga@gmail.com: getaddrinfo EAI_FAIL manassesbinga@gmail.com","source":"socket","stack":"Error: getaddrinfo EAI_FAIL manassesbinga@gmail.com\n    at GetAddrInfoReqWrap.onlookupall [as oncomplete] (node:dns:120:26)","syscall":"getaddrinfo","timestamp":"2025-01-11T22:42:36.640Z"}
{"level":"error","message":"Erro ao receber e-mail:","timestamp":"2025-01-11T22:42:38.387Z"}
{"code":"EAI_FAIL","errno":-3004,"hostname":"manassesbinga@gmail.com","level":"error","message":"Erro ocorreu para manassesbinga@gmail.com: getaddrinfo EAI_FAIL manassesbinga@gmail.com","source":"socket","stack":"Error: getaddrinfo EAI_FAIL manassesbinga@gmail.com\n    at GetAddrInfoReqWrap.onlookupall [as oncomplete] (node:dns:120:26)","syscall":"getaddrinfo","timestamp":"2025-01-11T22:44:34.110Z"}
{"level":"error","message":"Erro ao receber e-mail:","timestamp":"2025-01-11T22:44:35.851Z"}
{"code":"EAI_FAIL","errno":-3004,"hostname":"manassesbinga@gmail.com","level":"error","message":"Erro ocorreu para manassesbinga@gmail.com: getaddrinfo EAI_FAIL manassesbinga@gmail.com","source":"socket","stack":"Error: getaddrinfo EAI_FAIL manassesbinga@gmail.com\n    at GetAddrInfoReqWrap.onlookupall [as oncomplete] (node:dns:120:26)","syscall":"getaddrinfo","timestamp":"2025-01-11T22:56:11.367Z"}
{"level":"error","message":"Erro ao receber e-mail:","timestamp":"2025-01-11T22:56:12.878Z"}
{"code":"EAI_FAIL","errno":-3004,"hostname":"manassesbinga@gmail.com","level":"error","message":"Erro ocorreu para manassesbinga@gmail.com: getaddrinfo EAI_FAIL manassesbinga@gmail.com","source":"socket","stack":"Error: getaddrinfo EAI_FAIL manassesbinga@gmail.com\n    at GetAddrInfoReqWrap.onlookupall [as oncomplete] (node:dns:120:26)","syscall":"getaddrinfo","timestamp":"2025-01-11T23:35:35.603Z"}
{"level":"error","message":"Erro ao receber e-mail:","timestamp":"2025-01-11T23:35:37.115Z"}
{"code":"EAI_FAIL","errno":-3004,"hostname":"manassesbinga@gmail.com","level":"error","message":"Erro ocorreu para manassesbinga@gmail.com: getaddrinfo EAI_FAIL manassesbinga@gmail.com","source":"socket","stack":"Error: getaddrinfo EAI_FAIL manassesbinga@gmail.com\n    at GetAddrInfoReqWrap.onlookupall [as oncomplete] (node:dns:120:26)","syscall":"getaddrinfo","timestamp":"2025-01-11T23:37:14.321Z"}
{"level":"error","message":"Erro ao receber e-mail:","timestamp":"2025-01-11T23:37:15.850Z"}
{"code":"EAI_FAIL","errno":-3004,"hostname":"manassesbinga@gmail.com","level":"error","message":"Erro ocorreu para manassesbinga@gmail.com: getaddrinfo EAI_FAIL manassesbinga@gmail.com","source":"socket","stack":"Error: getaddrinfo EAI_FAIL manassesbinga@gmail.com\n    at GetAddrInfoReqWrap.onlookupall [as oncomplete] (node:dns:120:26)","syscall":"getaddrinfo","timestamp":"2025-01-11T23:45:40.571Z"}
{"level":"error","message":"Erro ao receber e-mail:","timestamp":"2025-01-11T23:45:42.215Z"}
{"code":"EAI_FAIL","errno":-3004,"hostname":"manassesbinga@gmail.com","level":"error","message":"Erro ocorreu para manassesbinga@gmail.com: getaddrinfo EAI_FAIL manassesbinga@gmail.com","source":"socket","stack":"Error: getaddrinfo EAI_FAIL manassesbinga@gmail.com\n    at GetAddrInfoReqWrap.onlookupall [as oncomplete] (node:dns:120:26)","syscall":"getaddrinfo","timestamp":"2025-01-11T23:50:48.320Z"}
{"level":"error","message":"Erro ao receber e-mail:","timestamp":"2025-01-11T23:50:50.841Z"}
{"level":"error","message":"Erro ao processar e-mails:","timestamp":"2025-01-11T23:53:21.067Z"}
{"level":"error","message":"Erro ao processar WhatsApp:","timestamp":"2025-01-11T23:53:21.076Z"}
